<?xml version="1.0" encoding="UTF-8"?>
<!-- Generated by org.testng.reporters.JUnitReportReporter -->
<testsuite skipped="0" hostname="Aaas-MacBook-Pro.local" name="com.liseInfotech.RestAssuredTest.PATCHMethodExample" tests="1" failures="0" timestamp="2022-02-23T02:17:48 IST" time="6.245" errors="0">
  <testcase name="patchTest" time="6.245" classname="com.liseInfotech.RestAssuredTest.PATCHMethodExample"/>
  <system-out/>
</testsuite> <!-- com.liseInfotech.RestAssuredTest.PATCHMethodExample -->
