<?xml version="1.0" encoding="UTF-8"?>
<!-- Generated by org.testng.reporters.JUnitReportReporter -->
<testsuite skipped="0" hostname="Aaas-MacBook-Pro.local" name="com.liseInfotech.RestAssuredTest.GETMethodExample" tests="1" failures="0" timestamp="2022-02-23T02:14:09 IST" time="5.043" errors="0">
  <testcase name="getTest" time="5.043" classname="com.liseInfotech.RestAssuredTest.GETMethodExample"/>
  <system-out/>
</testsuite> <!-- com.liseInfotech.RestAssuredTest.GETMethodExample -->
