<?xml version="1.0" encoding="UTF-8"?>
<!-- Generated by org.testng.reporters.JUnitReportReporter -->
<testsuite skipped="0" hostname="Aaas-MacBook-Pro.local" name="com.liseInfotech.RestAssuredTest.PUTMethodExample" tests="1" failures="0" timestamp="2022-02-23T02:16:20 IST" time="3.881" errors="0">
  <testcase name="putTest" time="3.881" classname="com.liseInfotech.RestAssuredTest.PUTMethodExample"/>
  <system-out/>
</testsuite> <!-- com.liseInfotech.RestAssuredTest.PUTMethodExample -->
