<?xml version="1.0" encoding="UTF-8"?>
<!-- Generated by org.testng.reporters.JUnitReportReporter -->
<testsuite skipped="0" hostname="Aaas-MacBook-Pro.local" name="com.liseInfotech.RestAssuredTest.MethodExamples" tests="1" failures="0" timestamp="2022-02-22T23:29:59 IST" time="3.885" errors="0">
  <testcase name="getTest" time="3.885" classname="com.liseInfotech.RestAssuredTest.MethodExamples"/>
  <system-out/>
</testsuite> <!-- com.liseInfotech.RestAssuredTest.MethodExamples -->
