<?xml version="1.0" encoding="UTF-8"?>
<!-- Generated by org.testng.reporters.JUnitReportReporter -->
<testsuite skipped="0" hostname="Aaas-MacBook-Pro.local" name="com.liseInfotech.RestAssuredTest.POSTMethodExample" tests="2" failures="0" timestamp="2022-02-23T02:15:39 IST" time="6.768" errors="0">
  <testcase name="postTest" time="2.827" classname="com.liseInfotech.RestAssuredTest.POSTMethodExample"/>
  <system-out/>
  <testcase name="postTest" time="3.941" classname="com.liseInfotech.RestAssuredTest.POSTMethodExample"/>
  <system-out/>
</testsuite> <!-- com.liseInfotech.RestAssuredTest.POSTMethodExample -->
